DEB [20141213-06:04:02.099] tramiko hr=1   paramiko.www.baidu.com.transport: starting thread (client mode): 0x9245d2cL paramiko.www.baidu.com   paramiko.www.baidu.com
INF [20141213-06:04:02.160] thr=1   paramiko.www.baidu.com.transport: Connected (version 2.0, client OpenSSH_5.3)
DEB [20141213-06:04:02.325] thr=1   paramiko.www.baidu.com.transport: kex algos:['diffie-hellman-group-exchange-sha256', 'diffie-hellman-group-exchange-sha1', 'diffie-hellman-group14-sha1', 'diffie-hellman-group1-sha1'] server key:['ssh-rsa', 'ssh-dss'] client encrypt:['aes128-ctr', 'aes192-ctr', 'aes256-ctr', 'arcfour256', 'arcfour128', 'aes128-cbc', '3des-cbc', 'blowfish-cbc', 'cast128-cbc', 'aes192-cbc', 'aes256-cbc', 'arcfour', 'rijndael-cbc@lysator.liu.se'] server encrypt:['aes128-ctr', 'aes192-ctr', 'aes256-ctr', 'arcfour256', 'arcfour128', 'aes128-cbc', '3des-cbc', 'blowfish-cbc', 'cast128-cbc', 'aes192-cbc', 'aes256-cbc', 'arcfour', 'rijndael-cbc@lysator.liu.se'] client mac:['hmac-md5', 'hmac-sha1', 'umac-64@openssh.com', 'hmac-ripemd160', 'hmac-ripemd160@openssh.com', 'hmac-sha1-96', 'hmac-md5-96'] server mac:['hmac-md5', 'hmac-sha1', 'umac-64@openssh.com', 'hmac-ripemd160', 'hmac-ripemd160@openssh.com', 'hmac-sha1-96', 'hmac-md5-96'] client compress:['none', 'zlib@openssh.com'] server compress:['none', 'zlib@openssh.com'] client lang:[''] server lang:[''] kex follows?False
DEB [20141213-06:04:02.355] thr=1   paramiko.www.baidu.com.transport: Ciphers agreed: local=aes128-ctr, remote=aes128-ctr
DEB [20141213-06:04:02.355] thr=1   paramiko.www.baidu.com.transport: using kex diffie-hellman-group1-sha1; server key type ssh-rsa; cipher: local aes128-ctr, remote aes128-ctr; mac: local hmac-sha1, remote hmac-sha1; compression: local none, remote none
DEB [20141213-06:04:02.737] thr=1   paramiko.www.baidu.com.transport: Switch to new keys ...
DEB [20141213-06:04:02.768] thr=2   paramiko.www.baidu.com.transport: Adding ssh-rsa host key for 192.168.179.130: 6384105388db78cc0eb1b2e0d1ec0903
DEB [20141213-06:04:02.773] thr=1   paramiko.www.baidu.com.transport: userauth is OK
INF [20141213-06:04:05.095] thr=1   paramiko.www.baidu.com.transport: Authentication (password) successful!
DEB [20141213-06:04:05.109] thr=2   paramiko.www.baidu.com.transport: [chan 1] Max packet in: 34816 bytes
DEB [20141213-06:04:05.212] thr=1   paramiko.www.baidu.com.transport: [chan 1] Max packet out: 32768 bytes
INF [20141213-06:04:05.213] thr=1   paramiko.www.baidu.com.transport: Secsh channel 1 opened.
DEB [20141213-06:04:05.217] thr=1   paramiko.www.baidu.com.transport: [chan 1] Sesch channel 1 request ok
DEB [20141213-06:04:05.993] thr=1   paramiko.www.baidu.com.transport: [chan 1] EOF received (1)
DEB [20141213-06:04:05.993] thr=1   paramiko.www.baidu.com.transport: [chan 1] EOF sent (1)
DEB [20141213-06:04:06.098] thr=1   paramiko.www.baidu.com.transport: EOF in transport thread
DEB [20141213-06:04:02.099] tramiko hr=1   paramiko.www.baidu.com.transport: starting thread (client mode): 0x9245d2cL paramiko.www.baidu.com   paramiko.www.baidu.com
INF [20141213-06:04:02.160] thr=1   paramiko.www.baidu.com.transport: Connected (version 2.0, client OpenSSH_5.3)
DEB [20141213-06:04:02.325] thr=1   paramiko.www.baidu.com.transport: kex algos:['diffie-hellman-group-exchange-sha256', 'diffie-hellman-group-exchange-sha1', 'diffie-hellman-group14-sha1', 'diffie-hellman-group1-sha1'] server key:['ssh-rsa', 'ssh-dss'] client encrypt:['aes128-ctr', 'aes192-ctr', 'aes256-ctr', 'arcfour256', 'arcfour128', 'aes128-cbc', '3des-cbc', 'blowfish-cbc', 'cast128-cbc', 'aes192-cbc', 'aes256-cbc', 'arcfour', 'rijndael-cbc@lysator.liu.se'] server encrypt:['aes128-ctr', 'aes192-ctr', 'aes256-ctr', 'arcfour256', 'arcfour128', 'aes128-cbc', '3des-cbc', 'blowfish-cbc', 'cast128-cbc', 'aes192-cbc', 'aes256-cbc', 'arcfour', 'rijndael-cbc@lysator.liu.se'] client mac:['hmac-md5', 'hmac-sha1', 'umac-64@openssh.com', 'hmac-ripemd160', 'hmac-ripemd160@openssh.com', 'hmac-sha1-96', 'hmac-md5-96'] server mac:['hmac-md5', 'hmac-sha1', 'umac-64@openssh.com', 'hmac-ripemd160', 'hmac-ripemd160@openssh.com', 'hmac-sha1-96', 'hmac-md5-96'] client compress:['none', 'zlib@openssh.com'] server compress:['none', 'zlib@openssh.com'] client lang:[''] server lang:[''] kex follows?False
DEB [20141213-06:04:02.355] thr=1   paramiko.www.baidu.com.transport: Ciphers agreed: local=aes128-ctr, remote=aes128-ctr
DEB [20141213-06:04:02.355] thr=1   paramiko.www.baidu.com.transport: using kex diffie-hellman-group1-sha1; server key type ssh-rsa; cipher: local aes128-ctr, remote aes128-ctr; mac: local hmac-sha1, remote hmac-sha1; compression: local none, remote none
DEB [20141213-06:04:02.737] thr=1   paramiko.www.baidu.com.transport: Switch to new keys ...
DEB [20141213-06:04:02.768] thr=2   paramiko.www.baidu.com.transport: Adding ssh-rsa host key for 192.168.179.130: 6384105388db78cc0eb1b2e0d1ec0903
DEB [20141213-06:04:02.773] thr=1   paramiko.www.baidu.com.transport: userauth is OK
INF [20141213-06:04:05.095] thr=1   paramiko.www.baidu.com.transport: Authentication (password) successful!
DEB [20141213-06:04:05.109] thr=2   paramiko.www.baidu.com.transport: [chan 1] Max packet in: 34816 bytes
DEB [20141213-06:04:05.212] thr=1   paramiko.www.baidu.com.transport: [chan 1] Max packet out: 32768 bytes
INF [20141213-06:04:05.213] thr=1   paramiko.www.baidu.com.transport: Secsh channel 1 opened.
DEB [20141213-06:04:05.217] thr=1   paramiko.www.baidu.com.transport: [chan 1] Sesch channel 1 request ok
DEB [20141213-06:04:05.993] thr=1   paramiko.www.baidu.com.transport: [chan 1] EOF received (1)
DEB [20141213-06:04:05.993] thr=1   paramiko.www.baidu.com.transport: [chan 1] EOF sent (1)
DEB [20141213-06:04:06.098] thr=1   paramiko.www.baidu.com.transport: EOF in transport thread
DEB [20141213-06:04:02.099] tramiko hr=1   paramiko.www.baidu.com.transport: starting thread (client mode): 0x9245d2cL paramiko.www.baidu.com   paramiko.www.baidu.com
INF [20141213-06:04:02.160] thr=1   paramiko.www.baidu.com.transport: Connected (version 2.0, client OpenSSH_5.3)
DEB [20141213-06:04:02.325] thr=1   paramiko.www.baidu.com.transport: kex algos:['diffie-hellman-group-exchange-sha256', 'diffie-hellman-group-exchange-sha1', 'diffie-hellman-group14-sha1', 'diffie-hellman-group1-sha1'] server key:['ssh-rsa', 'ssh-dss'] client encrypt:['aes128-ctr', 'aes192-ctr', 'aes256-ctr', 'arcfour256', 'arcfour128', 'aes128-cbc', '3des-cbc', 'blowfish-cbc', 'cast128-cbc', 'aes192-cbc', 'aes256-cbc', 'arcfour', 'rijndael-cbc@lysator.liu.se'] server encrypt:['aes128-ctr', 'aes192-ctr', 'aes256-ctr', 'arcfour256', 'arcfour128', 'aes128-cbc', '3des-cbc', 'blowfish-cbc', 'cast128-cbc', 'aes192-cbc', 'aes256-cbc', 'arcfour', 'rijndael-cbc@lysator.liu.se'] client mac:['hmac-md5', 'hmac-sha1', 'umac-64@openssh.com', 'hmac-ripemd160', 'hmac-ripemd160@openssh.com', 'hmac-sha1-96', 'hmac-md5-96'] server mac:['hmac-md5', 'hmac-sha1', 'umac-64@openssh.com', 'hmac-ripemd160', 'hmac-ripemd160@openssh.com', 'hmac-sha1-96', 'hmac-md5-96'] client compress:['none', 'zlib@openssh.com'] server compress:['none', 'zlib@openssh.com'] client lang:[''] server lang:[''] kex follows?False
DEB [20141213-06:04:02.355] thr=1   paramiko.www.baidu.com.transport: Ciphers agreed: local=aes128-ctr, remote=aes128-ctr
DEB [20141213-06:04:02.355] thr=1   paramiko.www.baidu.com.transport: using kex diffie-hellman-group1-sha1; server key type ssh-rsa; cipher: local aes128-ctr, remote aes128-ctr; mac: local hmac-sha1, remote hmac-sha1; compression: local none, remote none
DEB [20141213-06:04:02.737] thr=1   paramiko.www.baidu.com.transport: Switch to new keys ...
DEB [20141213-06:04:02.768] thr=2   paramiko.www.baidu.com.transport: Adding ssh-rsa host key for 192.168.179.130: 6384105388db78cc0eb1b2e0d1ec0903
DEB [20141213-06:04:02.773] thr=1   paramiko.www.baidu.com.transport: userauth is OK
INF [20141213-06:04:05.095] thr=1   paramiko.www.baidu.com.transport: Authentication (password) successful!
DEB [20141213-06:04:05.109] thr=2   paramiko.www.baidu.com.transport: [chan 1] Max packet in: 34816 bytes
DEB [20141213-06:04:05.212] thr=1   paramiko.www.baidu.com.transport: [chan 1] Max packet out: 32768 bytes
INF [20141213-06:04:05.213] thr=1   paramiko.www.baidu.com.transport: Secsh channel 1 opened.
DEB [20141213-06:04:05.217] thr=1   paramiko.www.baidu.com.transport: [chan 1] Sesch channel 1 request ok
DEB [20141213-06:04:05.993] thr=1   paramiko.www.baidu.com.transport: [chan 1] EOF received (1)
DEB [20141213-06:04:05.993] thr=1   paramiko.www.baidu.com.transport: [chan 1] EOF sent (1)
DEB [20141213-06:04:06.098] thr=1   paramiko.www.baidu.com.transport: EOF in transport thread
DEB [20141213-06:04:02.099] tramiko hr=1   paramiko.www.baidu.com.transport: starting thread (client mode): 0x9245d2cL paramiko.www.baidu.com   paramiko.www.baidu.com
INF [20141213-06:04:02.160] thr=1   paramiko.www.baidu.com.transport: Connected (version 2.0, client OpenSSH_5.3)
DEB [20141213-06:04:02.325] thr=1   paramiko.www.baidu.com.transport: kex algos:['diffie-hellman-group-exchange-sha256', 'diffie-hellman-group-exchange-sha1', 'diffie-hellman-group14-sha1', 'diffie-hellman-group1-sha1'] server key:['ssh-rsa', 'ssh-dss'] client encrypt:['aes128-ctr', 'aes192-ctr', 'aes256-ctr', 'arcfour256', 'arcfour128', 'aes128-cbc', '3des-cbc', 'blowfish-cbc', 'cast128-cbc', 'aes192-cbc', 'aes256-cbc', 'arcfour', 'rijndael-cbc@lysator.liu.se'] server encrypt:['aes128-ctr', 'aes192-ctr', 'aes256-ctr', 'arcfour256', 'arcfour128', 'aes128-cbc', '3des-cbc', 'blowfish-cbc', 'cast128-cbc', 'aes192-cbc', 'aes256-cbc', 'arcfour', 'rijndael-cbc@lysator.liu.se'] client mac:['hmac-md5', 'hmac-sha1', 'umac-64@openssh.com', 'hmac-ripemd160', 'hmac-ripemd160@openssh.com', 'hmac-sha1-96', 'hmac-md5-96'] server mac:['hmac-md5', 'hmac-sha1', 'umac-64@openssh.com', 'hmac-ripemd160', 'hmac-ripemd160@openssh.com', 'hmac-sha1-96', 'hmac-md5-96'] client compress:['none', 'zlib@openssh.com'] server compress:['none', 'zlib@openssh.com'] client lang:[''] server lang:[''] kex follows?False
DEB [20141213-06:04:02.355] thr=1   paramiko.www.baidu.com.transport: Ciphers agreed: local=aes128-ctr, remote=aes128-ctr
DEB [20141213-06:04:02.355] thr=1   paramiko.www.baidu.com
DEB [20141213-06:04:02.099] tramiko hr=1   paramiko.www.baidu.com.www.baidu.com.transport: starting thread (client mode): 0x9245d2cL paramiko.www.baidu.com.www.baidu.com   paramiko.www.baidu.com.www.baidu.com
INF [20141213-06:04:02.160] thr=1   paramiko.www.baidu.com.www.baidu.com.transport: Connected (version 2.0, client OpenSSH_5.3)
DEB [20141213-06:04:02.325] thr=1   paramiko.www.baidu.com.www.baidu.com.transport: kex algos:['diffie-hellman-group-exchange-sha256', 'diffie-hellman-group-exchange-sha1', 'diffie-hellman-group14-sha1', 'diffie-hellman-group1-sha1'] server key:['ssh-rsa', 'ssh-dss'] client encrypt:['aes128-ctr', 'aes192-ctr', 'aes256-ctr', 'arcfour256', 'arcfour128', 'aes128-cbc', '3des-cbc', 'blowfish-cbc', 'cast128-cbc', 'aes192-cbc', 'aes256-cbc', 'arcfour', 'rijndael-cbc@lysator.liu.se'] server encrypt:['aes128-ctr', 'aes192-ctr', 'aes256-ctr', 'arcfour256', 'arcfour128', 'aes128-cbc', '3des-cbc', 'blowfish-cbc', 'cast128-cbc', 'aes192-cbc', 'aes256-cbc', 'arcfour', 'rijndael-cbc@lysator.liu.se'] client mac:['hmac-md5', 'hmac-sha1', 'umac-64@openssh.com', 'hmac-ripemd160', 'hmac-ripemd160@openssh.com', 'hmac-sha1-96', 'hmac-md5-96'] server mac:['hmac-md5', 'hmac-sha1', 'umac-64@openssh.com', 'hmac-ripemd160', 'hmac-ripemd160@openssh.com', 'hmac-sha1-96', 'hmac-md5-96'] client compress:['none', 'zlib@openssh.com'] server compress:['none', 'zlib@openssh.com'] client lang:[''] server lang:[''] kex follows?False
DEB [20141213-06:04:02.355] thr=1   paramiko.www.baidu.com.www.baidu.com.transport: Ciphers agreed: local=aes128-ctr, remote=aes128-ctr
DEB [20141213-06:04:02.355] thr=1   paramiko.www.baidu.com.www.baidu.com.transport: using kex diffie-hellman-group1-sha1; server key type ssh-rsa; cipher: local aes128-ctr, remote aes128-ctr; mac: local hmac-sha1, remote hmac-sha1; compression: local none, remote none
DEB [20141213-06:04:02.737] thr=1   paramiko.www.baidu.com.www.baidu.com.transport: Switch to new keys ...
DEB [20141213-06:04:02.768] thr=2   paramiko.www.baidu.com.www.baidu.com.transport: Adding ssh-rsa host key for 192.168.179.130: 6384105388db78cc0eb1b2e0d1ec0903
DEB [20141213-06:04:02.773] thr=1   paramiko.www.baidu.com.www.baidu.com.transport: userauth is OK
INF [20141213-06:04:05.095] thr=1   paramiko.www.baidu.com.www.baidu.com.transport: Authentication (password) successful!
DEB [20141213-06:04:05.109] thr=2   paramiko.www.baidu.com.www.baidu.com.transport: [chan 1] Max packet in: 34816 bytes
DEB [20141213-06:04:05.212] thr=1   paramiko.www.baidu.com.www.baidu.com.transport: [chan 1] Max packet out: 32768 bytes
INF [20141213-06:04:05.213] thr=1   paramiko.www.baidu.com.www.baidu.com.transport: Secsh channel 1 opened.
DEB [20141213-06:04:05.217] thr=1   paramiko.www.baidu.com.www.baidu.com.transport: [chan 1] Sesch channel 1 request ok
DEB [20141213-06:04:05.993] thr=1   paramiko.www.baidu.com.www.baidu.com.transport: [chan 1] EOF received (1)
DEB [20141213-06:04:05.993] thr=1   paramiko.www.baidu.com.www.baidu.com.transport: [chan 1] EOF sent (1)
DEB [20141213-06:04:06.098] thr=1   paramiko.www.baidu.com.www.baidu.com.transport: EOF in transport thread
DEB [20141213-06:04:02.099] tramiko hr=1   paramiko.www.baidu.com.www.baidu.com.transport: starting thread (client mode): 0x9245d2cL paramiko.www.baidu.com.www.baidu.com   paramiko.www.baidu.com.www.baidu.com
INF [20141213-06:04:02.160] thr=1   paramiko.www.baidu.com.www.baidu.com.transport: Connected (version 2.0, client OpenSSH_5.3)
DEB [20141213-06:04:02.325] thr=1   paramiko.www.baidu.com.www.baidu.com.transport: kex algos:['diffie-hellman-group-exchange-sha256', 'diffie-hellman-group-exchange-sha1', 'diffie-hellman-group14-sha1', 'diffie-hellman-group1-sha1'] server key:['ssh-rsa', 'ssh-dss'] client encrypt:['aes128-ctr', 'aes192-ctr', 'aes256-ctr', 'arcfour256', 'arcfour128', 'aes128-cbc', '3des-cbc', 'blowfish-cbc', 'cast128-cbc', 'aes192-cbc', 'aes256-cbc', 'arcfour', 'rijndael-cbc@lysator.liu.se'] server encrypt:['aes128-ctr', 'aes192-ctr', 'aes256-ctr', 'arcfour256', 'arcfour128', 'aes128-cbc', '3des-cbc', 'blowfish-cbc', 'cast128-cbc', 'aes192-cbc', 'aes256-cbc', 'arcfour', 'rijndael-cbc@lysator.liu.se'] client mac:['hmac-md5', 'hmac-sha1', 'umac-64@openssh.com', 'hmac-ripemd160', 'hmac-ripemd160@openssh.com', 'hmac-sha1-96', 'hmac-md5-96'] server mac:['hmac-md5', 'hmac-sha1', 'umac-64@openssh.com', 'hmac-ripemd160', 'hmac-ripemd160@openssh.com', 'hmac-sha1-96', 'hmac-md5-96'] client compress:['none', 'zlib@openssh.com'] server compress:['none', 'zlib@openssh.com'] client lang:[''] server lang:[''] kex follows?False
DEB [20141213-06:04:02.355] thr=1   paramiko.www.baidu.com.www.baidu.com.transport: Ciphers agreed: local=aes128-ctr, remote=aes128-ctr
DEB [20141213-06:04:02.355] thr=1   paramiko.www.baidu.com.www.baidu.com.transport: using kex diffie-hellman-group1-sha1; server key type ssh-rsa; cipher: local aes128-ctr, remote aes128-ctr; mac: local hmac-sha1, remote hmac-sha1; compression: local none, remote none
DEB [20141213-06:04:02.737] thr=1   paramiko.www.baidu.com.www.baidu.com.transport: Switch to new keys ...
DEB [20141213-06:04:02.768] thr=2   paramiko.www.baidu.com.www.baidu.com.transport: Adding ssh-rsa host key for 192.168.179.130: 6384105388db78cc0eb1b2e0d1ec0903
DEB [20141213-06:04:02.773] thr=1   paramiko.www.baidu.com.www.baidu.com.transport: userauth is OK
INF [20141213-06:04:05.095] thr=1   paramiko.www.baidu.com.www.baidu.com.transport: Authentication (password) successful!
DEB [20141213-06:04:05.109] thr=2   paramiko.www.baidu.com.www.baidu.com.transport: [chan 1] Max packet in: 34816 bytes
DEB [20141213-06:04:05.212] thr=1   paramiko.www.baidu.com.www.baidu.com.transport: [chan 1] Max packet out: 32768 bytes
INF [20141213-06:04:05.213] thr=1   paramiko.www.baidu.com.www.baidu.com.transport: Secsh channel 1 opened.
DEB [20141213-06:04:05.217] thr=1   paramiko.www.baidu.com.www.baidu.com.transport: [chan 1] Sesch channel 1 request ok
DEB [20141213-06:04:05.993] thr=1   paramiko.www.baidu.com.www.baidu.com.transport: [chan 1] EOF received (1)
DEB [20141213-06:04:05.993] thr=1   paramiko.www.baidu.com.www.baidu.com.transport: [chan 1] EOF sent (1)
DEB [20141213-06:04:06.098] thr=1   paramiko.www.baidu.com.www.baidu.com.transport: EOF in transport thread
DEB [20141213-06:04:02.099] tramiko hr=1   paramiko.www.baidu.com.www.baidu.com.transport: starting thread (client mode): 0x9245d2cL paramiko.www.baidu.com.www.baidu.com   paramiko.www.baidu.com.www.baidu.com
INF [20141213-06:04:02.160] thr=1   paramiko.www.baidu.com.www.baidu.com.transport: Connected (version 2.0, client OpenSSH_5.3)
DEB [20141213-06:04:02.325] thr=1   paramiko.www.baidu.com.www.baidu.com.transport: kex algos:['diffie-hellman-group-exchange-sha256', 'diffie-hellman-group-exchange-sha1', 'diffie-hellman-group14-sha1', 'diffie-hellman-group1-sha1'] server key:['ssh-rsa', 'ssh-dss'] client encrypt:['aes128-ctr', 'aes192-ctr', 'aes256-ctr', 'arcfour256', 'arcfour128', 'aes128-cbc', '3des-cbc', 'blowfish-cbc', 'cast128-cbc', 'aes192-cbc', 'aes256-cbc', 'arcfour', 'rijndael-cbc@lysator.liu.se'] server encrypt:['aes128-ctr', 'aes192-ctr', 'aes256-ctr', 'arcfour256', 'arcfour128', 'aes128-cbc', '3des-cbc', 'blowfish-cbc', 'cast128-cbc', 'aes192-cbc', 'aes256-cbc', 'arcfour', 'rijndael-cbc@lysator.liu.se'] client mac:['hmac-md5', 'hmac-sha1', 'umac-64@openssh.com', 'hmac-ripemd160', 'hmac-ripemd160@openssh.com', 'hmac-sha1-96', 'hmac-md5-96'] server mac:['hmac-md5', 'hmac-sha1', 'umac-64@openssh.com', 'hmac-ripemd160', 'hmac-ripemd160@openssh.com', 'hmac-sha1-96', 'hmac-md5-96'] client compress:['none', 'zlib@openssh.com'] server compress:['none', 'zlib@openssh.com'] client lang:[''] server lang:[''] kex follows?False
DEB [20141213-06:04:02.355] thr=1   paramiko.www.baidu.com.www.baidu.com.transport: Ciphers agreed: local=aes128-ctr, remote=aes128-ctr
DEB [20141213-06:04:02.355] thr=1   paramiko.www.baidu.com.www.baidu.com.transport: using kex diffie-hellman-group1-sha1; server key type ssh-rsa; cipher: local aes128-ctr, remote aes128-ctr; mac: local hmac-sha1, remote hmac-sha1; compression: local none, remote none
DEB [20141213-06:04:02.737] thr=1   paramiko.www.baidu.com.www.baidu.com.transport: Switch to new keys ...
DEB [20141213-06:04:02.768] thr=2   paramiko.www.baidu.com.www.baidu.com.transport: Adding ssh-rsa host key for 192.168.179.130: 6384105388db78cc0eb1b2e0d1ec0903
DEB [20141213-06:04:02.773] thr=1   paramiko.www.baidu.com.www.baidu.com.transport: userauth is OK
INF [20141213-06:04:05.095] thr=1   paramiko.www.baidu.com.www.baidu.com.transport: Authentication (password) successful!
DEB [20141213-06:04:05.109] thr=2   paramiko.www.baidu.com.www.baidu.com.transport: [chan 1] Max packet in: 34816 bytes
DEB [20141213-06:04:05.212] thr=1   paramiko.www.baidu.com.www.baidu.com.transport: [chan 1] Max packet out: 32768 bytes
INF [20141213-06:04:05.213] thr=1   paramiko.www.baidu.com.www.baidu.com.transport: Secsh channel 1 opened.
DEB [20141213-06:04:05.217] thr=1   paramiko.www.baidu.com.www.baidu.com.transport: [chan 1] Sesch channel 1 request ok
DEB [20141213-06:04:05.993] thr=1   paramiko.www.baidu.com.www.baidu.com.transport: [chan 1] EOF received (1)
DEB [20141213-06:04:05.993] thr=1   paramiko.www.baidu.com.www.baidu.com.transport: [chan 1] EOF sent (1)
DEB [20141213-06:04:06.098] thr=1   paramiko.www.baidu.com.www.baidu.com.transport: EOF in transport thread
DEB [20141213-06:04:02.099] tramiko hr=1   paramiko.www.baidu.com.www.baidu.com.transport: starting thread (client mode): 0x9245d2cL paramiko.www.baidu.com.www.baidu.com   paramiko.www.baidu.com.www.baidu.com
INF [20141213-06:04:02.160] thr=1   paramiko.www.baidu.com.www.baidu.com.transport: Connected (version 2.0, client OpenSSH_5.3)
DEB [20141213-06:04:02.325] thr=1   paramiko.www.baidu.com.www.baidu.com.transport: kex algos:['diffie-hellman-group-exchange-sha256', 'diffie-hellman-group-exchange-sha1', 'diffie-hellman-group14-sha1', 'diffie-hellman-group1-sha1'] server key:['ssh-rsa', 'ssh-dss'] client encrypt:['aes128-ctr', 'aes192-ctr', 'aes256-ctr', 'arcfour256', 'arcfour128', 'aes128-cbc', '3des-cbc', 'blowfish-cbc', 'cast128-cbc', 'aes192-cbc', 'aes256-cbc', 'arcfour', 'rijndael-cbc@lysator.liu.se'] server encrypt:['aes128-ctr', 'aes192-ctr', 'aes256-ctr', 'arcfour256', 'arcfour128', 'aes128-cbc', '3des-cbc', 'blowfish-cbc', 'cast128-cbc', 'aes192-cbc', 'aes256-cbc', 'arcfour', 'rijndael-cbc@lysator.liu.se'] client mac:['hmac-md5', 'hmac-sha1', 'umac-64@openssh.com', 'hmac-ripemd160', 'hmac-ripemd160@openssh.com', 'hmac-sha1-96', 'hmac-md5-96'] server mac:['hmac-md5', 'hmac-sha1', 'umac-64@openssh.com', 'hmac-ripemd160', 'hmac-ripemd160@openssh.com', 'hmac-sha1-96', 'hmac-md5-96'] client compress:['none', 'zlib@openssh.com'] server compress:['none', 'zlib@openssh.com'] client lang:[''] server lang:[''] kex follows?False
DEB [20141213-06:04:02.355] thr=1   paramiko.www.baidu.com.www.baidu.com.transport: Ciphers agreed: local=aes128-ctr, remote=aes128-ctr
DEB [20141213-06:04:02.355] thr=1   paramiko.www.baidu.com.www.baidu.com
